# JRE version: OpenJDK Runtime Environment GraalVM CE 22.3.0 (17.0.5+8) (build 17.0.5+8-jvmci-22.3-b08)
# Java VM: OpenJDK 64-Bit Server VM GraalVM CE 22.3.0 (17.0.5+8-jvmci-22.3-b08, mixed mode, sharing, tiered, jvmci, jvmci compiler, compressed oops, compressed class ptrs, parallel gc, linux-amd64)
GC Precious Log:
 CPUs: 8 total, 1 available
 Memory: 1024M
 Large Page Support: Disabled
 NUMA Support: Disabled
 Compressed Oops: Enabled (32-bit)
 Alignments: Space 512K, Generation 512K, Heap 2M
 Heap Min Capacity: 100M
 Heap Initial Capacity: 100M
 Heap Max Capacity: 512M
 Pre-touch: Disabled
 Parallel Workers: 1
Heap:
 PSYoungGen      total 84480K, used 54783K [0x00000000f5580000, 0x00000000fc780000, 0x0000000100000000)
  eden space 54784K, 99% used [0x00000000f5580000,0x00000000f8affff0,0x00000000f8b00000)
  from space 29696K, 0% used [0x00000000fa900000,0x00000000fa900000,0x00000000fc600000)
  to   space 30208K, 0% used [0x00000000f8b00000,0x00000000f8b00000,0x00000000fa880000)
 ParOldGen       total 349696K, used 349695K [0x00000000e0000000, 0x00000000f5580000, 0x00000000f5580000)
  object space 349696K, 99% used [0x00000000e0000000,0x00000000f557fff8,0x00000000f5580000)
 Metaspace       used 63321K, committed 64384K, reserved 1114112K
  class space    used 6209K, committed 6720K, reserved 1048576K
GC Heap History (20 events):
Event: 510.412 GC heap before
{Heap before GC invocations=379 (full 262):
 PSYoungGen      total 84480K, used 54783K [0x00000000f5580000, 0x00000000fc780000, 0x0000000100000000)
  eden space 54784K, 99% used [0x00000000f5580000,0x00000000f8affff0,0x00000000f8b00000)
  from space 29696K, 0% used [0x00000000fa900000,0x00000000fa900000,0x00000000fc600000)
  to   space 30208K, 0% used [0x00000000f8b00000,0x00000000f8b00000,0x00000000fa880000)
 ParOldGen       total 349696K, used 349695K [0x00000000e0000000, 0x00000000f5580000, 0x00000000f5580000)
  object space 349696K, 99% used [0x00000000e0000000,0x00000000f557fc00,0x00000000f5580000)
 Metaspace       used 63321K, committed 64384K, reserved 1114112K
  class space    used 6209K, committed 6720K, reserved 1048576K
}
Event: 512.059 GC heap after
{Heap after GC invocations=379 (full 262):
 PSYoungGen      total 84992K, used 54783K [0x00000000f5580000, 0x00000000fc780000, 0x0000000100000000)
  eden space 54784K, 99% used [0x00000000f5580000,0x00000000f8afffb0,0x00000000f8b00000)
  from space 30208K, 0% used [0x00000000f8b00000,0x00000000f8b00000,0x00000000fa880000)
  to   space 29696K, 0% used [0x00000000fa900000,0x00000000fa900000,0x00000000fc600000)
 ParOldGen       total 349696K, used 349695K [0x00000000e0000000, 0x00000000f5580000, 0x00000000f5580000)
  object space 349696K, 99% used [0x00000000e0000000,0x00000000f557fc00,0x00000000f5580000)
 Metaspace       used 63321K, committed 64384K, reserved 1114112K
  class space    used 6209K, committed 6720K, reserved 1048576K
}
Event: 512.069 GC heap before
{Heap before GC invocations=380 (full 263):
 PSYoungGen      total 84992K, used 54783K [0x00000000f5580000, 0x00000000fc780000, 0x0000000100000000)
  eden space 54784K, 99% used [0x00000000f5580000,0x00000000f8affff0,0x00000000f8b00000)
  from space 30208K, 0% used [0x00000000f8b00000,0x00000000f8b00000,0x00000000fa880000)
  to   space 29696K, 0% used [0x00000000fa900000,0x00000000fa900000,0x00000000fc600000)
 ParOldGen       total 349696K, used 349695K [0x00000000e0000000, 0x00000000f5580000, 0x00000000f5580000)
  object space 349696K, 99% used [0x00000000e0000000,0x00000000f557fc00,0x00000000f5580000)
 Metaspace       used 63321K, committed 64384K, reserved 1114112K
  class space    used 6209K, committed 6720K, reserved 1048576K
}
Event: 513.719 GC heap after
{Heap after GC invocations=380 (full 263):
 PSYoungGen      total 84480K, used 54783K [0x00000000f5580000, 0x00000000fc780000, 0x0000000100000000)
  eden space 54784K, 99% used [0x00000000f5580000,0x00000000f8afffd0,0x00000000f8b00000)
  from space 29696K, 0% used [0x00000000fa900000,0x00000000fa900000,0x00000000fc600000)
  to   space 30208K, 0% used [0x00000000f8b00000,0x00000000f8b00000,0x00000000fa880000)
 ParOldGen       total 349696K, used 349695K [0x00000000e0000000, 0x00000000f5580000, 0x00000000f5580000)
  object space 349696K, 99% used [0x00000000e0000000,0x00000000f557fc00,0x00000000f5580000)
 Metaspace       used 63321K, committed 64384K, reserved 1114112K
  class space    used 6209K, committed 6720K, reserved 1048576K
}
Event: 513.719 GC heap before
{Heap before GC invocations=381 (full 264):
 PSYoungGen      total 84480K, used 54783K [0x00000000f5580000, 0x00000000fc780000, 0x0000000100000000)
  eden space 54784K, 99% used [0x00000000f5580000,0x00000000f8affff0,0x00000000f8b00000)
  from space 29696K, 0% used [0x00000000fa900000,0x00000000fa900000,0x00000000fc600000)
  to   space 30208K, 0% used [0x00000000f8b00000,0x00000000f8b00000,0x00000000fa880000)
 ParOldGen       total 349696K, used 349695K [0x00000000e0000000, 0x00000000f5580000, 0x00000000f5580000)
  object space 349696K, 99% used [0x00000000e0000000,0x00000000f557fc00,0x00000000f5580000)
 Metaspace       used 63321K, committed 64384K, reserved 1114112K
  class space    used 6209K, committed 6720K, reserved 1048576K
}
Event: 515.342 GC heap after
{Heap after GC invocations=381 (full 264):
 PSYoungGen      total 84992K, used 54783K [0x00000000f5580000, 0x00000000fc780000, 0x0000000100000000)
  eden space 54784K, 99% used [0x00000000f5580000,0x00000000f8afffd0,0x00000000f8b00000)
  from space 30208K, 0% used [0x00000000f8b00000,0x00000000f8b00000,0x00000000fa880000)
  to   space 29696K, 0% used [0x00000000fa900000,0x00000000fa900000,0x00000000fc600000)
 ParOldGen       total 349696K, used 349695K [0x00000000e0000000, 0x00000000f5580000, 0x00000000f5580000)
  object space 349696K, 99% used [0x00000000e0000000,0x00000000f557fc00,0x00000000f5580000)
 Metaspace       used 63321K, committed 64384K, reserved 1114112K
  class space    used 6209K, committed 6720K, reserved 1048576K
}
Event: 515.342 GC heap before
{Heap before GC invocations=382 (full 265):
 PSYoungGen      total 84992K, used 54783K [0x00000000f5580000, 0x00000000fc780000, 0x0000000100000000)
  eden space 54784K, 99% used [0x00000000f5580000,0x00000000f8affff0,0x00000000f8b00000)
  from space 30208K, 0% used [0x00000000f8b00000,0x00000000f8b00000,0x00000000fa880000)
  to   space 29696K, 0% used [0x00000000fa900000,0x00000000fa900000,0x00000000fc600000)
 ParOldGen       total 349696K, used 349695K [0x00000000e0000000, 0x00000000f5580000, 0x00000000f5580000)
  object space 349696K, 99% used [0x00000000e0000000,0x00000000f557fc00,0x00000000f5580000)
 Metaspace       used 63321K, committed 64384K, reserved 1114112K
  class space    used 6209K, committed 6720K, reserved 1048576K
}
Event: 516.940 GC heap after
{Heap after GC invocations=382 (full 265):
 PSYoungGen      total 84480K, used 54783K [0x00000000f5580000, 0x00000000fc780000, 0x0000000100000000)
  eden space 54784K, 99% used [0x00000000f5580000,0x00000000f8affff0,0x00000000f8b00000)
  from space 29696K, 0% used [0x00000000fa900000,0x00000000fa900000,0x00000000fc600000)
  to   space 30208K, 0% used [0x00000000f8b00000,0x00000000f8b00000,0x00000000fa880000)
 ParOldGen       total 349696K, used 349695K [0x00000000e0000000, 0x00000000f5580000, 0x00000000f5580000)
  object space 349696K, 99% used [0x00000000e0000000,0x00000000f557fc00,0x00000000f5580000)
 Metaspace       used 63321K, committed 64384K, reserved 1114112K
  class space    used 6209K, committed 6720K, reserved 1048576K
}
Event: 516.940 GC heap before
{Heap before GC invocations=383 (full 266):
 PSYoungGen      total 84480K, used 54783K [0x00000000f5580000, 0x00000000fc780000, 0x0000000100000000)
  eden space 54784K, 99% used [0x00000000f5580000,0x00000000f8affff0,0x00000000f8b00000)
  from space 29696K, 0% used [0x00000000fa900000,0x00000000fa900000,0x00000000fc600000)
  to   space 30208K, 0% used [0x00000000f8b00000,0x00000000f8b00000,0x00000000fa880000)
 ParOldGen       total 349696K, used 349695K [0x00000000e0000000, 0x00000000f5580000, 0x00000000f5580000)
  object space 349696K, 99% used [0x00000000e0000000,0x00000000f557fff8,0x00000000f5580000)
 Metaspace       used 63321K, committed 64384K, reserved 1114112K
  class space    used 6209K, committed 6720K, reserved 1048576K
}
Event: 518.691 GC heap after
{Heap after GC invocations=383 (full 266):
 PSYoungGen      total 84992K, used 54783K [0x00000000f5580000, 0x00000000fc780000, 0x0000000100000000)
  eden space 54784K, 99% used [0x00000000f5580000,0x00000000f8afffd0,0x00000000f8b00000)
  from space 30208K, 0% used [0x00000000f8b00000,0x00000000f8b00000,0x00000000fa880000)
  to   space 29696K, 0% used [0x00000000fa900000,0x00000000fa900000,0x00000000fc600000)
 ParOldGen       total 349696K, used 349695K [0x00000000e0000000, 0x00000000f5580000, 0x00000000f5580000)
  object space 349696K, 99% used [0x00000000e0000000,0x00000000f557fff8,0x00000000f5580000)
 Metaspace       used 63321K, committed 64384K, reserved 1114112K
  class space    used 6209K, committed 6720K, reserved 1048576K
}
Event: 518.691 GC heap before
{Heap before GC invocations=384 (full 267):
 PSYoungGen      total 84992K, used 54783K [0x00000000f5580000, 0x00000000fc780000, 0x0000000100000000)
  eden space 54784K, 99% used [0x00000000f5580000,0x00000000f8affff0,0x00000000f8b00000)
  from space 30208K, 0% used [0x00000000f8b00000,0x00000000f8b00000,0x00000000fa880000)
  to   space 29696K, 0% used [0x00000000fa900000,0x00000000fa900000,0x00000000fc600000)
 ParOldGen       total 349696K, used 349695K [0x00000000e0000000, 0x00000000f5580000, 0x00000000f5580000)
  object space 349696K, 99% used [0x00000000e0000000,0x00000000f557fff8,0x00000000f5580000)
 Metaspace       used 63321K, committed 64384K, reserved 1114112K
  class space    used 6209K, committed 6720K, reserved 1048576K
}
Event: 520.027 GC heap after
{Heap after GC invocations=384 (full 267):
 PSYoungGen      total 84480K, used 54783K [0x00000000f5580000, 0x00000000fc780000, 0x0000000100000000)
  eden space 54784K, 99% used [0x00000000f5580000,0x00000000f8affff0,0x00000000f8b00000)
  from space 29696K, 0% used [0x00000000fa900000,0x00000000fa900000,0x00000000fc600000)
  to   space 30208K, 0% used [0x00000000f8b00000,0x00000000f8b00000,0x00000000fa880000)
 ParOldGen       total 349696K, used 349695K [0x00000000e0000000, 0x00000000f5580000, 0x00000000f5580000)
  object space 349696K, 99% used [0x00000000e0000000,0x00000000f557ffd8,0x00000000f5580000)
 Metaspace       used 63321K, committed 64384K, reserved 1114112K
  class space    used 6209K, committed 6720K, reserved 1048576K
}
Event: 520.027 GC heap before
{Heap before GC invocations=385 (full 268):
 PSYoungGen      total 84480K, used 54783K [0x00000000f5580000, 0x00000000fc780000, 0x0000000100000000)
  eden space 54784K, 99% used [0x00000000f5580000,0x00000000f8affff0,0x00000000f8b00000)
  from space 29696K, 0% used [0x00000000fa900000,0x00000000fa900000,0x00000000fc600000)
  to   space 30208K, 0% used [0x00000000f8b00000,0x00000000f8b00000,0x00000000fa880000)
 ParOldGen       total 349696K, used 349695K [0x00000000e0000000, 0x00000000f5580000, 0x00000000f5580000)
  object space 349696K, 99% used [0x00000000e0000000,0x00000000f557fff8,0x00000000f5580000)
 Metaspace       used 63321K, committed 64384K, reserved 1114112K
  class space    used 6209K, committed 6720K, reserved 1048576K
}
Event: 521.489 GC heap after
{Heap after GC invocations=385 (full 268):
 PSYoungGen      total 84992K, used 54783K [0x00000000f5580000, 0x00000000fc780000, 0x0000000100000000)
  eden space 54784K, 99% used [0x00000000f5580000,0x00000000f8affff0,0x00000000f8b00000)
  from space 30208K, 0% used [0x00000000f8b00000,0x00000000f8b00000,0x00000000fa880000)
  to   space 29696K, 0% used [0x00000000fa900000,0x00000000fa900000,0x00000000fc600000)
 ParOldGen       total 349696K, used 349695K [0x00000000e0000000, 0x00000000f5580000, 0x00000000f5580000)
  object space 349696K, 99% used [0x00000000e0000000,0x00000000f557fff8,0x00000000f5580000)
 Metaspace       used 63321K, committed 64384K, reserved 1114112K
  class space    used 6209K, committed 6720K, reserved 1048576K
}
Event: 521.489 GC heap before
{Heap before GC invocations=386 (full 269):
 PSYoungGen      total 84992K, used 54783K [0x00000000f5580000, 0x00000000fc780000, 0x0000000100000000)
  eden space 54784K, 99% used [0x00000000f5580000,0x00000000f8affff0,0x00000000f8b00000)
  from space 30208K, 0% used [0x00000000f8b00000,0x00000000f8b00000,0x00000000fa880000)
  to   space 29696K, 0% used [0x00000000fa900000,0x00000000fa900000,0x00000000fc600000)
 ParOldGen       total 349696K, used 349695K [0x00000000e0000000, 0x00000000f5580000, 0x00000000f5580000)
  object space 349696K, 99% used [0x00000000e0000000,0x00000000f557fff8,0x00000000f5580000)
 Metaspace       used 63321K, committed 64384K, reserved 1114112K
  class space    used 6209K, committed 6720K, reserved 1048576K
}
Event: 522.823 GC heap after
{Heap after GC invocations=386 (full 269):
 PSYoungGen      total 84480K, used 54783K [0x00000000f5580000, 0x00000000fc780000, 0x0000000100000000)
  eden space 54784K, 99% used [0x00000000f5580000,0x00000000f8affff0,0x00000000f8b00000)
  from space 29696K, 0% used [0x00000000fa900000,0x00000000fa900000,0x00000000fc600000)
  to   space 30208K, 0% used [0x00000000f8b00000,0x00000000f8b00000,0x00000000fa880000)
 ParOldGen       total 349696K, used 349695K [0x00000000e0000000, 0x00000000f5580000, 0x00000000f5580000)
  object space 349696K, 99% used [0x00000000e0000000,0x00000000f557fff8,0x00000000f5580000)
 Metaspace       used 63321K, committed 64384K, reserved 1114112K
  class space    used 6209K, committed 6720K, reserved 1048576K
}
Event: 522.823 GC heap before
{Heap before GC invocations=387 (full 270):
 PSYoungGen      total 84480K, used 54783K [0x00000000f5580000, 0x00000000fc780000, 0x0000000100000000)
  eden space 54784K, 99% used [0x00000000f5580000,0x00000000f8affff0,0x00000000f8b00000)
  from space 29696K, 0% used [0x00000000fa900000,0x00000000fa900000,0x00000000fc600000)
  to   space 30208K, 0% used [0x00000000f8b00000,0x00000000f8b00000,0x00000000fa880000)
 ParOldGen       total 349696K, used 349695K [0x00000000e0000000, 0x00000000f5580000, 0x00000000f5580000)
  object space 349696K, 99% used [0x00000000e0000000,0x00000000f557fff8,0x00000000f5580000)
 Metaspace       used 63321K, committed 64384K, reserved 1114112K
  class space    used 6209K, committed 6720K, reserved 1048576K
}
Event: 524.307 GC heap after
{Heap after GC invocations=387 (full 270):
 PSYoungGen      total 84992K, used 54783K [0x00000000f5580000, 0x00000000fc780000, 0x0000000100000000)
  eden space 54784K, 99% used [0x00000000f5580000,0x00000000f8afffb0,0x00000000f8b00000)
  from space 30208K, 0% used [0x00000000f8b00000,0x00000000f8b00000,0x00000000fa880000)
  to   space 29696K, 0% used [0x00000000fa900000,0x00000000fa900000,0x00000000fc600000)
 ParOldGen       total 349696K, used 349695K [0x00000000e0000000, 0x00000000f5580000, 0x00000000f5580000)
  object space 349696K, 99% used [0x00000000e0000000,0x00000000f557fff8,0x00000000f5580000)
 Metaspace       used 63321K, committed 64384K, reserved 1114112K
  class space    used 6209K, committed 6720K, reserved 1048576K
}
Event: 524.307 GC heap before
{Heap before GC invocations=388 (full 271):
 PSYoungGen      total 84992K, used 54783K [0x00000000f5580000, 0x00000000fc780000, 0x0000000100000000)
  eden space 54784K, 99% used [0x00000000f5580000,0x00000000f8afffb0,0x00000000f8b00000)
  from space 30208K, 0% used [0x00000000f8b00000,0x00000000f8b00000,0x00000000fa880000)
  to   space 29696K, 0% used [0x00000000fa900000,0x00000000fa900000,0x00000000fc600000)
 ParOldGen       total 349696K, used 349695K [0x00000000e0000000, 0x00000000f5580000, 0x00000000f5580000)
  object space 349696K, 99% used [0x00000000e0000000,0x00000000f557fff8,0x00000000f5580000)
 Metaspace       used 63321K, committed 64384K, reserved 1114112K
  class space    used 6209K, committed 6720K, reserved 1048576K
}
Event: 525.801 GC heap after
{Heap after GC invocations=388 (full 271):
 PSYoungGen      total 84480K, used 54783K [0x00000000f5580000, 0x00000000fc780000, 0x0000000100000000)
  eden space 54784K, 99% used [0x00000000f5580000,0x00000000f8afffb0,0x00000000f8b00000)
  from space 29696K, 0% used [0x00000000fa900000,0x00000000fa900000,0x00000000fc600000)
  to   space 30208K, 0% used [0x00000000f8b00000,0x00000000f8b00000,0x00000000fa880000)
 ParOldGen       total 349696K, used 349695K [0x00000000e0000000, 0x00000000f5580000, 0x00000000f5580000)
  object space 349696K, 99% used [0x00000000e0000000,0x00000000f557fff8,0x00000000f5580000)
 Metaspace       used 63321K, committed 64384K, reserved 1114112K
  class space    used 6209K, committed 6720K, reserved 1048576K
}

